07:01:13 INFO  - Start test - >alertTest
07:01:13 INFO  - Start search ->By.xpath: //div//h5[.='Alerts, Frame & Windows']
07:01:13 INFO  - By.xpath: //div//h5[.='Alerts, Frame & Windows']<- found
07:01:13 INFO  - Start search ->By.xpath: //span[.='Browser Windows']
07:01:13 INFO  - By.xpath: //span[.='Browser Windows']<- found
07:01:13 INFO  - Start search ->By.xpath: //div//h5[.='Alerts, Frame & Windows']
07:01:23 ERROR - org.openqa.selenium.NoSuchElementException: no such element: Unable to locate element: {"method":"xpath","selector":"//div//h5[.='Alerts, Frame & Windows']"}
  (Session info: chrome=88.0.4324.104)
For documentation on this error, please visit: https://www.seleniumhq.org/exceptions/no_such_element.html
Build info: version: '3.141.59', revision: 'e82be7d358', time: '2018-11-14T08:17:03'
System info: host: 'DESKTOP-I31H4EG', ip: '10.0.0.3', os.name: 'Windows 10', os.arch: 'amd64', os.version: '10.0', java.version: '1.8.0_271'
Driver info: org.openqa.selenium.chrome.ChromeDriver
Capabilities {acceptInsecureCerts: false, browserName: chrome, browserVersion: 88.0.4324.104, chrome: {chromedriverVersion: 88.0.4324.96 (68dba2d8a0b14..., userDataDir: C:\Users\GLEB\AppData\Local...}, goog:chromeOptions: {debuggerAddress: localhost:58585}, javascriptEnabled: true, networkConnectionEnabled: false, pageLoadStrategy: normal, platform: WINDOWS, platformName: WINDOWS, proxy: Proxy(), setWindowRect: true, strictFileInteractability: false, timeouts: {implicit: 0, pageLoad: 300000, script: 30000}, unhandledPromptBehavior: dismiss and notify, webauthn:extension:largeBlob: true, webauthn:virtualAuthenticators: true}
Session ID: 992c91242dd8bd7225547d988065d9b8
*** Element info: {Using=xpath, value=//div//h5[.='Alerts, Frame & Windows']}
07:01:24 ERROR - src/test/screenshots/screen-1612242083876.png
07:01:24 INFO  - End of test -> alertTest
************************************
07:01:24 INFO  - Start test - >testWindowsNewTab
07:01:24 INFO  - Start search ->By.xpath: //div//h5[.='Alerts, Frame & Windows']
07:01:34 ERROR - org.openqa.selenium.NoSuchElementException: no such element: Unable to locate element: {"method":"xpath","selector":"//div//h5[.='Alerts, Frame & Windows']"}
  (Session info: chrome=88.0.4324.104)
For documentation on this error, please visit: https://www.seleniumhq.org/exceptions/no_such_element.html
Build info: version: '3.141.59', revision: 'e82be7d358', time: '2018-11-14T08:17:03'
System info: host: 'DESKTOP-I31H4EG', ip: '10.0.0.3', os.name: 'Windows 10', os.arch: 'amd64', os.version: '10.0', java.version: '1.8.0_271'
Driver info: org.openqa.selenium.chrome.ChromeDriver
Capabilities {acceptInsecureCerts: false, browserName: chrome, browserVersion: 88.0.4324.104, chrome: {chromedriverVersion: 88.0.4324.96 (68dba2d8a0b14..., userDataDir: C:\Users\GLEB\AppData\Local...}, goog:chromeOptions: {debuggerAddress: localhost:58585}, javascriptEnabled: true, networkConnectionEnabled: false, pageLoadStrategy: normal, platform: WINDOWS, platformName: WINDOWS, proxy: Proxy(), setWindowRect: true, strictFileInteractability: false, timeouts: {implicit: 0, pageLoad: 300000, script: 30000}, unhandledPromptBehavior: dismiss and notify, webauthn:extension:largeBlob: true, webauthn:virtualAuthenticators: true}
Session ID: 992c91242dd8bd7225547d988065d9b8
*** Element info: {Using=xpath, value=//div//h5[.='Alerts, Frame & Windows']}
07:01:34 ERROR - src/test/screenshots/screen-1612242094287.png
07:01:34 INFO  - End of test -> testWindowsNewTab
************************************
07:01:34 INFO  - End of test -> testWindowsNewWidow
************************************
