12:28:51 INFO  - Start test - >studentRegFormTest
12:28:51 INFO  - Start search ->By.xpath: //div[@class='category-cards']/div[2]
12:28:51 INFO  - By.xpath: //div[@class='category-cards']/div[2]<- found
12:28:51 INFO  - Start search ->By.xpath: //span[.='Practice Form']
12:28:51 INFO  - By.xpath: //span[.='Practice Form']<- found
12:28:51 INFO  - Start search ->By.id: firstName
12:28:52 INFO  - By.id: firstName<- found
12:28:52 INFO  - Start search ->By.id: firstName
12:28:52 INFO  - By.id: firstName<- found
12:28:52 INFO  - Start search ->By.id: firstName
12:28:52 INFO  - By.id: firstName<- found
12:28:52 INFO  - Start search ->By.id: lastName
12:28:52 INFO  - By.id: lastName<- found
12:28:52 INFO  - Start search ->By.id: lastName
12:28:52 INFO  - By.id: lastName<- found
12:28:52 INFO  - Start search ->By.id: lastName
12:28:52 INFO  - By.id: lastName<- found
12:28:52 INFO  - Start search ->By.id: userEmail
12:28:52 INFO  - By.id: userEmail<- found
12:28:52 INFO  - Start search ->By.id: userEmail
12:28:52 INFO  - By.id: userEmail<- found
12:28:52 INFO  - Start search ->By.id: userEmail
12:28:52 INFO  - By.id: userEmail<- found
12:28:52 INFO  - Start search ->By.xpath: //label[@for='gender-radio-1']
12:28:52 INFO  - By.xpath: //label[@for='gender-radio-1']<- found
12:28:52 INFO  - Start search ->By.id: userNumber
12:28:52 INFO  - By.id: userNumber<- found
12:28:52 INFO  - Start search ->By.id: userNumber
12:28:52 INFO  - By.id: userNumber<- found
12:28:52 INFO  - Start search ->By.id: userNumber
12:28:52 INFO  - By.id: userNumber<- found
12:28:52 INFO  - Start search ->By.id: dateOfBirthInput
12:28:52 INFO  - By.id: dateOfBirthInput<- found
12:28:52 INFO  - Start search ->By.cssSelector: .react-datepicker__month-select
12:28:52 INFO  - By.cssSelector: .react-datepicker__month-select<- found
12:28:52 INFO  - Start search ->By.xpath: .//option[normalize-space(.) = "May"]
12:28:52 INFO  - By.xpath: .//option[normalize-space(.) = "May"]<- found
12:28:52 INFO  - Start search ->By.cssSelector: .react-datepicker__year-select
12:28:52 INFO  - By.cssSelector: .react-datepicker__year-select<- found
12:28:52 INFO  - Start search ->By.xpath: .//option[normalize-space(.) = "1990"]
12:28:52 INFO  - By.xpath: .//option[normalize-space(.) = "1990"]<- found
12:28:53 INFO  - Start search ->By.xpath: //div[.='27']
12:28:53 INFO  - By.xpath: //div[.='27']<- found
12:28:53 INFO  - Start search ->By.xpath: //input[@id='subjectsInput']
12:28:53 INFO  - By.xpath: //input[@id='subjectsInput']<- found
12:28:53 INFO  - Start search ->By.xpath: //input[@id='subjectsInput']
12:28:53 INFO  - By.xpath: //input[@id='subjectsInput']<- found
12:28:53 INFO  - Start search ->By.xpath: //input[@id='subjectsInput']
12:28:53 INFO  - By.xpath: //input[@id='subjectsInput']<- found
12:28:53 INFO  - Start search ->By.xpath: //input[@id='subjectsInput']
12:28:53 INFO  - By.xpath: //input[@id='subjectsInput']<- found
12:28:53 INFO  - Start search ->By.cssSelector: label[for='hobbies-checkbox-2']
12:28:53 INFO  - By.cssSelector: label[for='hobbies-checkbox-2']<- found
12:28:53 INFO  - Start search ->By.id: currentAddress
12:28:53 INFO  - By.id: currentAddress<- found
12:28:53 INFO  - Start search ->By.id: react-select-3-input
12:28:53 INFO  - By.id: react-select-3-input<- found
12:28:54 ERROR - org.openqa.selenium.ElementClickInterceptedException: element click intercepted: Element <input autocapitalize="none" autocomplete="off" autocorrect="off" id="react-select-3-input" spellcheck="false" tabindex="0" type="text" aria-autocomplete="list" value="" style="box-sizing: content-box; width: 2px; background: 0px center; border: 0px; font-size: inherit; opacity: 1; outline: 0px; padding: 0px; color: inherit;"> is not clickable at point (745, 574). Other element would receive the click: <div class=" css-1wa3eu0-placeholder">...</div>
  (Session info: chrome=88.0.4324.146)
Build info: version: '3.141.59', revision: 'e82be7d358', time: '2018-11-14T08:17:03'
System info: host: 'DESKTOP-I31H4EG', ip: '10.0.0.3', os.name: 'Windows 10', os.arch: 'amd64', os.version: '10.0', java.version: '11.0.9.1'
Driver info: org.openqa.selenium.chrome.ChromeDriver
Capabilities {acceptInsecureCerts: false, browserName: chrome, browserVersion: 88.0.4324.146, chrome: {chromedriverVersion: 88.0.4324.96 (68dba2d8a0b14..., userDataDir: C:\Users\GLEB\AppData\Local...}, goog:chromeOptions: {debuggerAddress: localhost:64235}, javascriptEnabled: true, networkConnectionEnabled: false, pageLoadStrategy: normal, platform: WINDOWS, platformName: WINDOWS, proxy: Proxy(), setWindowRect: true, strictFileInteractability: false, timeouts: {implicit: 0, pageLoad: 300000, script: 30000}, unhandledPromptBehavior: dismiss and notify, webauthn:extension:largeBlob: true, webauthn:virtualAuthenticators: true}
Session ID: e0fe8c062f0526f01be09f825f517bd8
12:28:54 ERROR - src/test/screenshots/screen-1612780134573.png
12:28:54 INFO  - Start search ->By.id: react-select-3-input
12:28:54 INFO  - By.id: react-select-3-input<- found
12:28:54 INFO  - Start search ->By.id: react-select-3-input
12:28:54 INFO  - By.id: react-select-3-input<- found
12:28:55 INFO  - Start search ->By.id: react-select-3-input
12:28:55 INFO  - By.id: react-select-3-input<- found
12:28:55 INFO  - Start search ->By.id: react-select-4-input
12:28:55 INFO  - By.id: react-select-4-input<- found
12:28:56 ERROR - org.openqa.selenium.ElementClickInterceptedException: element click intercepted: Element <input autocapitalize="none" autocomplete="off" autocorrect="off" id="react-select-4-input" spellcheck="false" tabindex="0" type="text" aria-autocomplete="list" value="" style="box-sizing: content-box; width: 2px; background: 0px center; border: 0px; font-size: inherit; opacity: 1; outline: 0px; padding: 0px; color: inherit;"> is not clickable at point (1056, 574). Other element would receive the click: <div class=" css-1wa3eu0-placeholder">...</div>
  (Session info: chrome=88.0.4324.146)
Build info: version: '3.141.59', revision: 'e82be7d358', time: '2018-11-14T08:17:03'
System info: host: 'DESKTOP-I31H4EG', ip: '10.0.0.3', os.name: 'Windows 10', os.arch: 'amd64', os.version: '10.0', java.version: '11.0.9.1'
Driver info: org.openqa.selenium.chrome.ChromeDriver
Capabilities {acceptInsecureCerts: false, browserName: chrome, browserVersion: 88.0.4324.146, chrome: {chromedriverVersion: 88.0.4324.96 (68dba2d8a0b14..., userDataDir: C:\Users\GLEB\AppData\Local...}, goog:chromeOptions: {debuggerAddress: localhost:64235}, javascriptEnabled: true, networkConnectionEnabled: false, pageLoadStrategy: normal, platform: WINDOWS, platformName: WINDOWS, proxy: Proxy(), setWindowRect: true, strictFileInteractability: false, timeouts: {implicit: 0, pageLoad: 300000, script: 30000}, unhandledPromptBehavior: dismiss and notify, webauthn:extension:largeBlob: true, webauthn:virtualAuthenticators: true}
Session ID: e0fe8c062f0526f01be09f825f517bd8
12:28:56 ERROR - src/test/screenshots/screen-1612780136172.png
12:28:56 INFO  - Start search ->By.id: react-select-4-input
12:28:56 INFO  - By.id: react-select-4-input<- found
12:28:56 INFO  - Start search ->By.id: react-select-4-input
12:28:56 INFO  - By.id: react-select-4-input<- found
12:28:56 INFO  - Start search ->By.id: react-select-4-input
12:28:56 INFO  - By.id: react-select-4-input<- found
12:28:56 INFO  - Start search ->By.id: submit
12:28:56 INFO  - By.id: submit<- found
12:28:56 INFO  - End of test -> studentRegFormTest
************************************
