18:27:44 INFO  - Start test - >loginTest
18:27:44 INFO  - Start search ->By.xpath: //div[6]
18:27:44 INFO  - By.xpath: //div[6]<- found
18:27:44 INFO  - Start search ->By.xpath: //*[@id='login']
18:27:44 INFO  - By.xpath: //*[@id='login']<- found
18:27:44 INFO  - Start search ->By.id: userName
18:27:44 INFO  - By.id: userName<- found
18:27:44 INFO  - Start search ->By.id: userName
18:27:44 INFO  - By.id: userName<- found
18:27:44 INFO  - Start search ->By.id: userName
18:27:44 INFO  - By.id: userName<- found
18:27:44 INFO  - Start search ->By.id: password
18:27:44 INFO  - By.id: password<- found
18:27:44 INFO  - Start search ->By.id: password
18:27:44 INFO  - By.id: password<- found
18:27:44 INFO  - Start search ->By.id: password
18:27:44 INFO  - By.id: password<- found
18:27:44 INFO  - Start search ->By.xpath: //*[@id='login']
18:27:44 INFO  - By.xpath: //*[@id='login']<- found
18:27:44 INFO  - Start search ->By.id: submit
18:27:45 INFO  - By.id: submit<- found
18:27:45 INFO  - End of test -> loginTest
************************************
18:27:50 INFO  - Start test - >studentRegFormTest
18:27:50 INFO  - Start search ->By.xpath: //div[@class='category-cards']/div[2]
18:27:50 INFO  - By.xpath: //div[@class='category-cards']/div[2]<- found
18:27:50 INFO  - Start search ->By.xpath: //span[.='Practice Form']
18:27:50 INFO  - By.xpath: //span[.='Practice Form']<- found
18:27:50 INFO  - Start search ->By.id: firstName
18:27:50 INFO  - By.id: firstName<- found
18:27:50 INFO  - Start search ->By.id: firstName
18:27:50 INFO  - By.id: firstName<- found
18:27:50 INFO  - Start search ->By.id: firstName
18:27:50 INFO  - By.id: firstName<- found
18:27:50 INFO  - Start search ->By.id: lastName
18:27:50 INFO  - By.id: lastName<- found
18:27:50 INFO  - Start search ->By.id: lastName
18:27:51 INFO  - By.id: lastName<- found
18:27:51 INFO  - Start search ->By.id: lastName
18:27:51 INFO  - By.id: lastName<- found
18:27:51 INFO  - Start search ->By.id: userEmail
18:27:51 INFO  - By.id: userEmail<- found
18:27:51 INFO  - Start search ->By.id: userEmail
18:27:51 INFO  - By.id: userEmail<- found
18:27:51 INFO  - Start search ->By.id: userEmail
18:27:51 INFO  - By.id: userEmail<- found
18:27:51 INFO  - Start search ->By.xpath: //label[@for='gender-radio-1']
18:27:51 INFO  - By.xpath: //label[@for='gender-radio-1']<- found
18:27:51 INFO  - Start search ->By.id: userNumber
18:27:51 INFO  - By.id: userNumber<- found
18:27:51 INFO  - Start search ->By.id: userNumber
18:27:51 INFO  - By.id: userNumber<- found
18:27:51 INFO  - Start search ->By.id: userNumber
18:27:51 INFO  - By.id: userNumber<- found
18:27:51 INFO  - Start search ->By.id: dateOfBirthInput
18:27:51 INFO  - By.id: dateOfBirthInput<- found
18:27:51 INFO  - Start search ->By.cssSelector: .react-datepicker__month-select
18:27:51 INFO  - By.cssSelector: .react-datepicker__month-select<- found
18:27:51 INFO  - Start search ->By.xpath: .//option[normalize-space(.) = "May"]
18:27:51 INFO  - By.xpath: .//option[normalize-space(.) = "May"]<- found
18:27:51 INFO  - Start search ->By.cssSelector: .react-datepicker__year-select
18:27:51 INFO  - By.cssSelector: .react-datepicker__year-select<- found
18:27:51 INFO  - Start search ->By.xpath: .//option[normalize-space(.) = "1990"]
18:27:51 INFO  - By.xpath: .//option[normalize-space(.) = "1990"]<- found
18:27:51 INFO  - Start search ->By.xpath: //div[.='27']
18:27:51 INFO  - By.xpath: //div[.='27']<- found
18:27:51 INFO  - Start search ->By.xpath: //input[@id='subjectsInput']
18:27:51 INFO  - By.xpath: //input[@id='subjectsInput']<- found
18:27:51 INFO  - Start search ->By.xpath: //input[@id='subjectsInput']
18:27:51 INFO  - By.xpath: //input[@id='subjectsInput']<- found
18:27:51 INFO  - Start search ->By.xpath: //input[@id='subjectsInput']
18:27:51 INFO  - By.xpath: //input[@id='subjectsInput']<- found
18:27:52 INFO  - Start search ->By.xpath: //input[@id='subjectsInput']
18:27:52 INFO  - By.xpath: //input[@id='subjectsInput']<- found
18:27:52 INFO  - Start search ->By.cssSelector: label[for='hobbies-checkbox-2']
18:27:52 INFO  - By.cssSelector: label[for='hobbies-checkbox-2']<- found
18:27:52 INFO  - Start search ->By.id: currentAddress
18:27:52 INFO  - By.id: currentAddress<- found
18:27:52 INFO  - Start search ->By.id: react-select-3-input
18:27:52 INFO  - By.id: react-select-3-input<- found
18:27:53 ERROR - org.openqa.selenium.ElementClickInterceptedException: element click intercepted: Element <input autocapitalize="none" autocomplete="off" autocorrect="off" id="react-select-3-input" spellcheck="false" tabindex="0" type="text" aria-autocomplete="list" value="" style="box-sizing: content-box; width: 2px; background: 0px center; border: 0px; font-size: inherit; opacity: 1; outline: 0px; padding: 0px; color: inherit;"> is not clickable at point (745, 574). Other element would receive the click: <div class=" css-1wa3eu0-placeholder">...</div>
  (Session info: chrome=88.0.4324.146)
Build info: version: '3.141.59', revision: 'e82be7d358', time: '2018-11-14T08:17:03'
System info: host: 'DESKTOP-I31H4EG', ip: '10.0.0.3', os.name: 'Windows 10', os.arch: 'amd64', os.version: '10.0', java.version: '11.0.9.1'
Driver info: org.openqa.selenium.chrome.ChromeDriver
Capabilities {acceptInsecureCerts: false, browserName: chrome, browserVersion: 88.0.4324.146, chrome: {chromedriverVersion: 88.0.4324.96 (68dba2d8a0b14..., userDataDir: C:\Users\GLEB\AppData\Local...}, goog:chromeOptions: {debuggerAddress: localhost:50533}, javascriptEnabled: true, networkConnectionEnabled: false, pageLoadStrategy: normal, platform: WINDOWS, platformName: WINDOWS, proxy: Proxy(), setWindowRect: true, strictFileInteractability: false, timeouts: {implicit: 0, pageLoad: 300000, script: 30000}, unhandledPromptBehavior: dismiss and notify, webauthn:extension:largeBlob: true, webauthn:virtualAuthenticators: true}
Session ID: db91ded83f4551dbba9c265b4527000f
18:27:53 ERROR - src/test/screenshots/screen-1612801673550.png
18:27:53 INFO  - Start search ->By.id: react-select-3-input
18:27:53 INFO  - By.id: react-select-3-input<- found
18:27:53 INFO  - Start search ->By.id: react-select-3-input
18:27:53 INFO  - By.id: react-select-3-input<- found
18:27:53 INFO  - Start search ->By.id: react-select-3-input
18:27:53 INFO  - By.id: react-select-3-input<- found
18:27:54 INFO  - Start search ->By.id: react-select-4-input
18:27:54 INFO  - By.id: react-select-4-input<- found
18:27:55 ERROR - org.openqa.selenium.ElementClickInterceptedException: element click intercepted: Element <input autocapitalize="none" autocomplete="off" autocorrect="off" id="react-select-4-input" spellcheck="false" tabindex="0" type="text" aria-autocomplete="list" value="" style="box-sizing: content-box; width: 2px; background: 0px center; border: 0px; font-size: inherit; opacity: 1; outline: 0px; padding: 0px; color: inherit;"> is not clickable at point (1056, 574). Other element would receive the click: <div class=" css-1wa3eu0-placeholder">...</div>
  (Session info: chrome=88.0.4324.146)
Build info: version: '3.141.59', revision: 'e82be7d358', time: '2018-11-14T08:17:03'
System info: host: 'DESKTOP-I31H4EG', ip: '10.0.0.3', os.name: 'Windows 10', os.arch: 'amd64', os.version: '10.0', java.version: '11.0.9.1'
Driver info: org.openqa.selenium.chrome.ChromeDriver
Capabilities {acceptInsecureCerts: false, browserName: chrome, browserVersion: 88.0.4324.146, chrome: {chromedriverVersion: 88.0.4324.96 (68dba2d8a0b14..., userDataDir: C:\Users\GLEB\AppData\Local...}, goog:chromeOptions: {debuggerAddress: localhost:50533}, javascriptEnabled: true, networkConnectionEnabled: false, pageLoadStrategy: normal, platform: WINDOWS, platformName: WINDOWS, proxy: Proxy(), setWindowRect: true, strictFileInteractability: false, timeouts: {implicit: 0, pageLoad: 300000, script: 30000}, unhandledPromptBehavior: dismiss and notify, webauthn:extension:largeBlob: true, webauthn:virtualAuthenticators: true}
Session ID: db91ded83f4551dbba9c265b4527000f
18:27:55 ERROR - src/test/screenshots/screen-1612801675162.png
18:27:55 INFO  - Start search ->By.id: react-select-4-input
18:27:55 INFO  - By.id: react-select-4-input<- found
18:27:55 INFO  - Start search ->By.id: react-select-4-input
18:27:55 INFO  - By.id: react-select-4-input<- found
18:27:55 INFO  - Start search ->By.id: react-select-4-input
18:27:55 INFO  - By.id: react-select-4-input<- found
18:27:55 INFO  - Start search ->By.id: submit
18:27:55 INFO  - By.id: submit<- found
18:27:55 INFO  - End of test -> studentRegFormTest
************************************
18:28:00 INFO  - Start test - >testForDataProvider
18:28:00 INFO  - End of test -> testForDataProvider
************************************
18:28:00 INFO  - Start test - >testForDataProviderFromFile
18:28:00 INFO  - End of test -> testForDataProviderFromFile
************************************
18:28:00 INFO  - Start test - >testForLogger
18:28:00 INFO  - Hello DEMO QA 
18:28:00 INFO  - End of test -> testForLogger
************************************
18:28:00 INFO  - Start test - >testForScreenshots
18:28:00 INFO  - End of test -> testForScreenshots
************************************
18:28:04 INFO  - Start test - >jseTest
18:28:04 INFO  - Start search ->By.xpath: //h5[contains(.,'Elements')]
18:28:04 INFO  - By.xpath: //h5[contains(.,'Elements')]<- found
18:28:04 INFO  - Start search ->By.xpath: //span[.='Text Box']
18:28:04 INFO  - By.xpath: //span[.='Text Box']<- found
18:28:04 INFO  - End of test -> jseTest
************************************
18:28:08 INFO  - Start test - >testWindowsNewTab
18:28:08 INFO  - Start search ->By.xpath: //div//h5[.='Alerts, Frame & Windows']
18:28:08 INFO  - By.xpath: //div//h5[.='Alerts, Frame & Windows']<- found
18:28:08 INFO  - Start search ->By.xpath: //span[.='Browser Windows']
18:28:08 INFO  - By.xpath: //span[.='Browser Windows']<- found
18:28:08 INFO  - Start search ->By.id: tabButton
18:28:08 INFO  - By.id: tabButton<- found
18:28:09 INFO  - Start search ->By.id: sampleHeading
18:28:09 INFO  - By.id: sampleHeading<- found
18:28:09 INFO  - End of test -> testWindowsNewTab
************************************
18:28:09 INFO  - Start test - >testWindowsNewWidow
18:28:09 INFO  - Start search ->By.xpath: //div//h5[.='Alerts, Frame & Windows']
18:28:19 ERROR - org.openqa.selenium.NoSuchElementException: no such element: Unable to locate element: {"method":"xpath","selector":"//div//h5[.='Alerts, Frame & Windows']"}
  (Session info: chrome=88.0.4324.146)
For documentation on this error, please visit: https://www.seleniumhq.org/exceptions/no_such_element.html
Build info: version: '3.141.59', revision: 'e82be7d358', time: '2018-11-14T08:17:03'
System info: host: 'DESKTOP-I31H4EG', ip: '10.0.0.3', os.name: 'Windows 10', os.arch: 'amd64', os.version: '10.0', java.version: '11.0.9.1'
Driver info: org.openqa.selenium.chrome.ChromeDriver
Capabilities {acceptInsecureCerts: false, browserName: chrome, browserVersion: 88.0.4324.146, chrome: {chromedriverVersion: 88.0.4324.96 (68dba2d8a0b14..., userDataDir: C:\Users\GLEB\AppData\Local...}, goog:chromeOptions: {debuggerAddress: localhost:50602}, javascriptEnabled: true, networkConnectionEnabled: false, pageLoadStrategy: normal, platform: WINDOWS, platformName: WINDOWS, proxy: Proxy(), setWindowRect: true, strictFileInteractability: false, timeouts: {implicit: 0, pageLoad: 300000, script: 30000}, unhandledPromptBehavior: dismiss and notify, webauthn:extension:largeBlob: true, webauthn:virtualAuthenticators: true}
Session ID: 3785a6011451950560c5d07ab97b76cf
*** Element info: {Using=xpath, value=//div//h5[.='Alerts, Frame & Windows']}
18:28:19 ERROR - src/test/screenshots/screen-1612801699277.png
18:28:19 INFO  - End of test -> testWindowsNewWidow
************************************
18:28:19 INFO  - End of test -> alertTest
************************************
18:28:22 INFO  - Start test - >testMultiSelect
18:28:22 INFO  - Start search ->By.xpath: //div//h5[text()='Widgets']
18:28:22 INFO  - By.xpath: //div//h5[text()='Widgets']<- found
18:28:22 INFO  - Start search ->By.xpath: //span[.='Select Menu']
18:28:22 INFO  - By.xpath: //span[.='Select Menu']<- found
18:28:22 INFO  - Start search ->By.id: cars
18:28:22 INFO  - By.id: cars<- found
18:28:22 INFO  - Start search ->By.tagName: option
18:28:22 INFO  - By.tagName: option<- found
18:28:22 INFO  - Start search ->By.tagName: option
18:28:22 INFO  - By.tagName: option<- found
18:28:22 INFO  - Start search ->By.tagName: option
18:28:22 INFO  - By.tagName: option<- found
18:28:23 INFO  - Start search ->By.id: selectOne
18:28:23 INFO  - By.id: selectOne<- found
18:28:23 INFO  - Start search ->By.xpath: //*[text()='Mr.']
18:28:23 INFO  - By.xpath: //*[text()='Mr.']<- found
18:28:23 INFO  - End of test -> testMultiSelect
************************************
18:28:23 INFO  - Start test - >testOldStyle
18:28:23 INFO  - Start search ->By.xpath: //div//h5[text()='Widgets']
18:28:33 ERROR - org.openqa.selenium.NoSuchElementException: no such element: Unable to locate element: {"method":"xpath","selector":"//div//h5[text()='Widgets']"}
  (Session info: chrome=88.0.4324.146)
For documentation on this error, please visit: https://www.seleniumhq.org/exceptions/no_such_element.html
Build info: version: '3.141.59', revision: 'e82be7d358', time: '2018-11-14T08:17:03'
System info: host: 'DESKTOP-I31H4EG', ip: '10.0.0.3', os.name: 'Windows 10', os.arch: 'amd64', os.version: '10.0', java.version: '11.0.9.1'
Driver info: org.openqa.selenium.chrome.ChromeDriver
Capabilities {acceptInsecureCerts: false, browserName: chrome, browserVersion: 88.0.4324.146, chrome: {chromedriverVersion: 88.0.4324.96 (68dba2d8a0b14..., userDataDir: C:\Users\GLEB\AppData\Local...}, goog:chromeOptions: {debuggerAddress: localhost:50626}, javascriptEnabled: true, networkConnectionEnabled: false, pageLoadStrategy: normal, platform: WINDOWS, platformName: WINDOWS, proxy: Proxy(), setWindowRect: true, strictFileInteractability: false, timeouts: {implicit: 0, pageLoad: 300000, script: 30000}, unhandledPromptBehavior: dismiss and notify, webauthn:extension:largeBlob: true, webauthn:virtualAuthenticators: true}
Session ID: 9559c1678ade524d926c66682e836c12
*** Element info: {Using=xpath, value=//div//h5[text()='Widgets']}
18:28:33 ERROR - src/test/screenshots/screen-1612801713251.png
18:28:33 INFO  - Start search ->By.xpath: //span[.='Select Menu']
18:28:33 INFO  - By.xpath: //span[.='Select Menu']<- found
18:28:33 INFO  - Start search ->By.id: oldSelectMenu
18:28:33 INFO  - By.id: oldSelectMenu<- found
18:28:33 INFO  - Start search ->By.xpath: //*[text()='Voilet']
18:28:33 INFO  - By.xpath: //*[text()='Voilet']<- found
18:28:33 INFO  - End of test -> testOldStyle
************************************
18:28:33 INFO  - Start test - >testSelectOne
18:28:33 INFO  - Start search ->By.xpath: //div//h5[text()='Widgets']
18:28:43 ERROR - org.openqa.selenium.NoSuchElementException: no such element: Unable to locate element: {"method":"xpath","selector":"//div//h5[text()='Widgets']"}
  (Session info: chrome=88.0.4324.146)
For documentation on this error, please visit: https://www.seleniumhq.org/exceptions/no_such_element.html
Build info: version: '3.141.59', revision: 'e82be7d358', time: '2018-11-14T08:17:03'
System info: host: 'DESKTOP-I31H4EG', ip: '10.0.0.3', os.name: 'Windows 10', os.arch: 'amd64', os.version: '10.0', java.version: '11.0.9.1'
Driver info: org.openqa.selenium.chrome.ChromeDriver
Capabilities {acceptInsecureCerts: false, browserName: chrome, browserVersion: 88.0.4324.146, chrome: {chromedriverVersion: 88.0.4324.96 (68dba2d8a0b14..., userDataDir: C:\Users\GLEB\AppData\Local...}, goog:chromeOptions: {debuggerAddress: localhost:50626}, javascriptEnabled: true, networkConnectionEnabled: false, pageLoadStrategy: normal, platform: WINDOWS, platformName: WINDOWS, proxy: Proxy(), setWindowRect: true, strictFileInteractability: false, timeouts: {implicit: 0, pageLoad: 300000, script: 30000}, unhandledPromptBehavior: dismiss and notify, webauthn:extension:largeBlob: true, webauthn:virtualAuthenticators: true}
Session ID: 9559c1678ade524d926c66682e836c12
*** Element info: {Using=xpath, value=//div//h5[text()='Widgets']}
18:28:44 ERROR - src/test/screenshots/screen-1612801723828.png
18:28:44 INFO  - Start search ->By.xpath: //span[.='Select Menu']
18:28:44 INFO  - By.xpath: //span[.='Select Menu']<- found
18:28:44 INFO  - Start search ->By.id: selectOne
18:28:44 INFO  - By.id: selectOne<- found
18:28:44 INFO  - Start search ->By.xpath: //*[text()='Mr.']
18:28:44 INFO  - By.xpath: //*[text()='Mr.']<- found
18:28:44 INFO  - End of test -> testSelectOne
************************************
18:28:44 INFO  - Start test - >testSelectValue
18:28:44 INFO  - Start search ->By.xpath: //div//h5[text()='Widgets']
18:28:54 ERROR - org.openqa.selenium.NoSuchElementException: no such element: Unable to locate element: {"method":"xpath","selector":"//div//h5[text()='Widgets']"}
  (Session info: chrome=88.0.4324.146)
For documentation on this error, please visit: https://www.seleniumhq.org/exceptions/no_such_element.html
Build info: version: '3.141.59', revision: 'e82be7d358', time: '2018-11-14T08:17:03'
System info: host: 'DESKTOP-I31H4EG', ip: '10.0.0.3', os.name: 'Windows 10', os.arch: 'amd64', os.version: '10.0', java.version: '11.0.9.1'
Driver info: org.openqa.selenium.chrome.ChromeDriver
Capabilities {acceptInsecureCerts: false, browserName: chrome, browserVersion: 88.0.4324.146, chrome: {chromedriverVersion: 88.0.4324.96 (68dba2d8a0b14..., userDataDir: C:\Users\GLEB\AppData\Local...}, goog:chromeOptions: {debuggerAddress: localhost:50626}, javascriptEnabled: true, networkConnectionEnabled: false, pageLoadStrategy: normal, platform: WINDOWS, platformName: WINDOWS, proxy: Proxy(), setWindowRect: true, strictFileInteractability: false, timeouts: {implicit: 0, pageLoad: 300000, script: 30000}, unhandledPromptBehavior: dismiss and notify, webauthn:extension:largeBlob: true, webauthn:virtualAuthenticators: true}
Session ID: 9559c1678ade524d926c66682e836c12
*** Element info: {Using=xpath, value=//div//h5[text()='Widgets']}
18:28:54 ERROR - src/test/screenshots/screen-1612801734376.png
18:28:54 INFO  - Start search ->By.xpath: //span[.='Select Menu']
18:28:54 INFO  - By.xpath: //span[.='Select Menu']<- found
18:28:54 INFO  - Start search ->By.id: withOptGroup
18:28:54 INFO  - By.id: withOptGroup<- found
18:28:54 INFO  - Start search ->By.xpath: //*[text()='A root option']
18:28:54 INFO  - By.xpath: //*[text()='A root option']<- found
18:28:54 INFO  - End of test -> testSelectValue
************************************
18:28:54 INFO  - Start test - >testStandartMultiSelect
18:28:54 INFO  - Start search ->By.xpath: //div//h5[text()='Widgets']
18:29:04 ERROR - org.openqa.selenium.NoSuchElementException: no such element: Unable to locate element: {"method":"xpath","selector":"//div//h5[text()='Widgets']"}
  (Session info: chrome=88.0.4324.146)
For documentation on this error, please visit: https://www.seleniumhq.org/exceptions/no_such_element.html
Build info: version: '3.141.59', revision: 'e82be7d358', time: '2018-11-14T08:17:03'
System info: host: 'DESKTOP-I31H4EG', ip: '10.0.0.3', os.name: 'Windows 10', os.arch: 'amd64', os.version: '10.0', java.version: '11.0.9.1'
Driver info: org.openqa.selenium.chrome.ChromeDriver
Capabilities {acceptInsecureCerts: false, browserName: chrome, browserVersion: 88.0.4324.146, chrome: {chromedriverVersion: 88.0.4324.96 (68dba2d8a0b14..., userDataDir: C:\Users\GLEB\AppData\Local...}, goog:chromeOptions: {debuggerAddress: localhost:50626}, javascriptEnabled: true, networkConnectionEnabled: false, pageLoadStrategy: normal, platform: WINDOWS, platformName: WINDOWS, proxy: Proxy(), setWindowRect: true, strictFileInteractability: false, timeouts: {implicit: 0, pageLoad: 300000, script: 30000}, unhandledPromptBehavior: dismiss and notify, webauthn:extension:largeBlob: true, webauthn:virtualAuthenticators: true}
Session ID: 9559c1678ade524d926c66682e836c12
*** Element info: {Using=xpath, value=//div//h5[text()='Widgets']}
18:29:05 ERROR - src/test/screenshots/screen-1612801744898.png
18:29:05 INFO  - Start search ->By.xpath: //span[.='Select Menu']
18:29:05 INFO  - By.xpath: //span[.='Select Menu']<- found
18:29:05 INFO  - Start search ->By.id: cars
18:29:05 INFO  - By.id: cars<- found
18:29:05 INFO  - Start search ->By.tagName: option
18:29:05 INFO  - By.tagName: option<- found
18:29:05 INFO  - Start search ->By.tagName: option
18:29:05 INFO  - By.tagName: option<- found
18:29:05 INFO  - Start search ->By.tagName: option
18:29:05 INFO  - By.tagName: option<- found
18:29:05 INFO  - End of test -> testStandartMultiSelect
************************************
